Producer starting...
Target address: consumer.consumer-headless.default.svc.cluster.local:8080
Send interval: 10ms
Connection failed (attempt 1/30): dial tcp: lookup consumer.consumer-headless.default.svc.cluster.local on 10.43.0.10:53: no such host
Connection failed (attempt 2/30): dial tcp: lookup consumer.consumer-headless.default.svc.cluster.local on 10.43.0.10:53: no such host
Connection failed (attempt 3/30): dial tcp: lookup consumer.consumer-headless.default.svc.cluster.local on 10.43.0.10:53: no such host
Connected to consumer.consumer-headless.default.svc.cluster.local:8080
[Stats] Messages: 499 | Rate: 99.78 msg/s | Throughput: 0.39 MB/s | Errors: 0
[Stats] Messages: 999 | Rate: 100.01 msg/s | Throughput: 0.39 MB/s | Errors: 0
[Stats] Messages: 1499 | Rate: 99.98 msg/s | Throughput: 0.39 MB/s | Errors: 0
[Stats] Messages: 1999 | Rate: 100.00 msg/s | Throughput: 0.39 MB/s | Errors: 0
[Stats] Messages: 2499 | Rate: 100.01 msg/s | Throughput: 0.39 MB/s | Errors: 0
[Stats] Messages: 2999 | Rate: 99.99 msg/s | Throughput: 0.39 MB/s | Errors: 0
[Stats] Messages: 3499 | Rate: 100.01 msg/s | Throughput: 0.39 MB/s | Errors: 0
[Stats] Messages: 3999 | Rate: 100.00 msg/s | Throughput: 0.39 MB/s | Errors: 0
[Stats] Messages: 4499 | Rate: 99.99 msg/s | Throughput: 0.39 MB/s | Errors: 0
[Stats] Messages: 4999 | Rate: 100.01 msg/s | Throughput: 0.39 MB/s | Errors: 0
[Stats] Messages: 5499 | Rate: 100.00 msg/s | Throughput: 0.39 MB/s | Errors: 0
[Stats] Messages: 5999 | Rate: 100.00 msg/s | Throughput: 0.39 MB/s | Errors: 0
[Stats] Messages: 6499 | Rate: 99.99 msg/s | Throughput: 0.39 MB/s | Errors: 0
[Stats] Messages: 6999 | Rate: 100.02 msg/s | Throughput: 0.39 MB/s | Errors: 0
[Stats] Messages: 7499 | Rate: 100.00 msg/s | Throughput: 0.39 MB/s | Errors: 0
[Stats] Messages: 7999 | Rate: 99.99 msg/s | Throughput: 0.39 MB/s | Errors: 0
[Stats] Messages: 8499 | Rate: 100.00 msg/s | Throughput: 0.39 MB/s | Errors: 0
[Stats] Messages: 8999 | Rate: 99.98 msg/s | Throughput: 0.39 MB/s | Errors: 0
[Stats] Messages: 9499 | Rate: 100.02 msg/s | Throughput: 0.39 MB/s | Errors: 0
[Stats] Messages: 9999 | Rate: 99.99 msg/s | Throughput: 0.39 MB/s | Errors: 0
[Stats] Messages: 10499 | Rate: 100.01 msg/s | Throughput: 0.39 MB/s | Errors: 0
[Stats] Messages: 10999 | Rate: 100.01 msg/s | Throughput: 0.39 MB/s | Errors: 0
[Stats] Messages: 11499 | Rate: 99.99 msg/s | Throughput: 0.39 MB/s | Errors: 0
[Stats] Messages: 11999 | Rate: 100.01 msg/s | Throughput: 0.39 MB/s | Errors: 0
[Stats] Messages: 12499 | Rate: 99.99 msg/s | Throughput: 0.39 MB/s | Errors: 0
[Stats] Messages: 12999 | Rate: 100.00 msg/s | Throughput: 0.39 MB/s | Errors: 0
[Stats] Messages: 13499 | Rate: 100.01 msg/s | Throughput: 0.39 MB/s | Errors: 0
[Stats] Messages: 13999 | Rate: 99.99 msg/s | Throughput: 0.39 MB/s | Errors: 0
[Stats] Messages: 14499 | Rate: 100.00 msg/s | Throughput: 0.39 MB/s | Errors: 0
[Stats] Messages: 14999 | Rate: 100.00 msg/s | Throughput: 0.39 MB/s | Errors: 0
[Stats] Messages: 15499 | Rate: 100.00 msg/s | Throughput: 0.39 MB/s | Errors: 0
[Stats] Messages: 15999 | Rate: 100.00 msg/s | Throughput: 0.39 MB/s | Errors: 0
[Stats] Messages: 16499 | Rate: 100.00 msg/s | Throughput: 0.39 MB/s | Errors: 0
[Stats] Messages: 16999 | Rate: 100.01 msg/s | Throughput: 0.39 MB/s | Errors: 0
[Stats] Messages: 17499 | Rate: 99.99 msg/s | Throughput: 0.39 MB/s | Errors: 0
[Stats] Messages: 17999 | Rate: 100.01 msg/s | Throughput: 0.39 MB/s | Errors: 0
[Stats] Messages: 18499 | Rate: 99.99 msg/s | Throughput: 0.39 MB/s | Errors: 0
[Stats] Messages: 18999 | Rate: 100.00 msg/s | Throughput: 0.39 MB/s | Errors: 0
[Stats] Messages: 19499 | Rate: 100.00 msg/s | Throughput: 0.39 MB/s | Errors: 0
[Stats] Messages: 19999 | Rate: 99.99 msg/s | Throughput: 0.39 MB/s | Errors: 0
[Stats] Messages: 20499 | Rate: 100.01 msg/s | Throughput: 0.39 MB/s | Errors: 0
[Stats] Messages: 20999 | Rate: 99.99 msg/s | Throughput: 0.39 MB/s | Errors: 0
[Stats] Messages: 21499 | Rate: 100.00 msg/s | Throughput: 0.39 MB/s | Errors: 0
[Stats] Messages: 21999 | Rate: 100.00 msg/s | Throughput: 0.39 MB/s | Errors: 0
[Stats] Messages: 22499 | Rate: 99.99 msg/s | Throughput: 0.39 MB/s | Errors: 0
[Stats] Messages: 22999 | Rate: 100.00 msg/s | Throughput: 0.39 MB/s | Errors: 0
[Stats] Messages: 23499 | Rate: 100.00 msg/s | Throughput: 0.39 MB/s | Errors: 0
[Stats] Messages: 23999 | Rate: 99.99 msg/s | Throughput: 0.39 MB/s | Errors: 0
[Stats] Messages: 24499 | Rate: 99.99 msg/s | Throughput: 0.39 MB/s | Errors: 0
[Stats] Messages: 24999 | Rate: 99.99 msg/s | Throughput: 0.39 MB/s | Errors: 0
[Stats] Messages: 25499 | Rate: 100.01 msg/s | Throughput: 0.39 MB/s | Errors: 0
[Stats] Messages: 25999 | Rate: 100.01 msg/s | Throughput: 0.39 MB/s | Errors: 0
[Stats] Messages: 26499 | Rate: 100.00 msg/s | Throughput: 0.39 MB/s | Errors: 0
[Stats] Messages: 26999 | Rate: 99.99 msg/s | Throughput: 0.39 MB/s | Errors: 0
[Stats] Messages: 27499 | Rate: 100.00 msg/s | Throughput: 0.39 MB/s | Errors: 0
[Stats] Messages: 27999 | Rate: 100.00 msg/s | Throughput: 0.39 MB/s | Errors: 0
[Stats] Messages: 28499 | Rate: 99.99 msg/s | Throughput: 0.39 MB/s | Errors: 0
[Stats] Messages: 28999 | Rate: 100.00 msg/s | Throughput: 0.39 MB/s | Errors: 0
[Stats] Messages: 29499 | Rate: 99.99 msg/s | Throughput: 0.39 MB/s | Errors: 0
[Stats] Messages: 29999 | Rate: 100.02 msg/s | Throughput: 0.39 MB/s | Errors: 0
[Stats] Messages: 30499 | Rate: 99.99 msg/s | Throughput: 0.39 MB/s | Errors: 0
[Stats] Messages: 30999 | Rate: 100.01 msg/s | Throughput: 0.39 MB/s | Errors: 0
[Stats] Messages: 31499 | Rate: 100.01 msg/s | Throughput: 0.39 MB/s | Errors: 0
[Stats] Messages: 31999 | Rate: 99.99 msg/s | Throughput: 0.39 MB/s | Errors: 0
[Stats] Messages: 32499 | Rate: 100.00 msg/s | Throughput: 0.39 MB/s | Errors: 0
[Stats] Messages: 32999 | Rate: 100.00 msg/s | Throughput: 0.39 MB/s | Errors: 0
[Stats] Messages: 33499 | Rate: 99.99 msg/s | Throughput: 0.39 MB/s | Errors: 0
[Stats] Messages: 33999 | Rate: 100.01 msg/s | Throughput: 0.39 MB/s | Errors: 0
[Stats] Messages: 34499 | Rate: 100.00 msg/s | Throughput: 0.39 MB/s | Errors: 0
[Stats] Messages: 34999 | Rate: 100.00 msg/s | Throughput: 0.39 MB/s | Errors: 0
[Stats] Messages: 35499 | Rate: 100.00 msg/s | Throughput: 0.39 MB/s | Errors: 0
[Stats] Messages: 35999 | Rate: 100.01 msg/s | Throughput: 0.39 MB/s | Errors: 0
[Stats] Messages: 36499 | Rate: 100.00 msg/s | Throughput: 0.39 MB/s | Errors: 0
[Stats] Messages: 36999 | Rate: 100.00 msg/s | Throughput: 0.39 MB/s | Errors: 0
[Stats] Messages: 37499 | Rate: 100.00 msg/s | Throughput: 0.39 MB/s | Errors: 0
[Stats] Messages: 37999 | Rate: 100.00 msg/s | Throughput: 0.39 MB/s | Errors: 0
[Stats] Messages: 38499 | Rate: 99.99 msg/s | Throughput: 0.39 MB/s | Errors: 0
[Stats] Messages: 38999 | Rate: 100.01 msg/s | Throughput: 0.39 MB/s | Errors: 0
[Stats] Messages: 39499 | Rate: 100.01 msg/s | Throughput: 0.39 MB/s | Errors: 0
[Stats] Messages: 39999 | Rate: 100.00 msg/s | Throughput: 0.39 MB/s | Errors: 0
[Stats] Messages: 40499 | Rate: 100.00 msg/s | Throughput: 0.39 MB/s | Errors: 0
[Stats] Messages: 40999 | Rate: 99.99 msg/s | Throughput: 0.39 MB/s | Errors: 0
[Stats] Messages: 41499 | Rate: 100.00 msg/s | Throughput: 0.39 MB/s | Errors: 0
[Stats] Messages: 41999 | Rate: 100.01 msg/s | Throughput: 0.39 MB/s | Errors: 0
[Stats] Messages: 42499 | Rate: 99.99 msg/s | Throughput: 0.39 MB/s | Errors: 0
[Stats] Messages: 42999 | Rate: 100.01 msg/s | Throughput: 0.39 MB/s | Errors: 0
[Stats] Messages: 43499 | Rate: 100.00 msg/s | Throughput: 0.39 MB/s | Errors: 0
[Stats] Messages: 43999 | Rate: 100.00 msg/s | Throughput: 0.39 MB/s | Errors: 0
[Stats] Messages: 44499 | Rate: 100.00 msg/s | Throughput: 0.39 MB/s | Errors: 0
[Stats] Messages: 44999 | Rate: 100.00 msg/s | Throughput: 0.39 MB/s | Errors: 0
[Stats] Messages: 45499 | Rate: 99.99 msg/s | Throughput: 0.39 MB/s | Errors: 0
[Stats] Messages: 45999 | Rate: 100.00 msg/s | Throughput: 0.39 MB/s | Errors: 0
[Stats] Messages: 46499 | Rate: 100.00 msg/s | Throughput: 0.39 MB/s | Errors: 0
[Stats] Messages: 46999 | Rate: 100.00 msg/s | Throughput: 0.39 MB/s | Errors: 0
[Stats] Messages: 47499 | Rate: 100.01 msg/s | Throughput: 0.39 MB/s | Errors: 0
[Stats] Messages: 47999 | Rate: 99.99 msg/s | Throughput: 0.39 MB/s | Errors: 0
[Stats] Messages: 48499 | Rate: 99.99 msg/s | Throughput: 0.39 MB/s | Errors: 0
[Stats] Messages: 48999 | Rate: 100.01 msg/s | Throughput: 0.39 MB/s | Errors: 0
[Stats] Messages: 49499 | Rate: 99.99 msg/s | Throughput: 0.39 MB/s | Errors: 0
[Stats] Messages: 49999 | Rate: 100.00 msg/s | Throughput: 0.39 MB/s | Errors: 0
[Stats] Messages: 50499 | Rate: 100.01 msg/s | Throughput: 0.39 MB/s | Errors: 0
[Stats] Messages: 50999 | Rate: 100.00 msg/s | Throughput: 0.39 MB/s | Errors: 0
[Stats] Messages: 51499 | Rate: 99.99 msg/s | Throughput: 0.39 MB/s | Errors: 0
[Stats] Messages: 51999 | Rate: 100.01 msg/s | Throughput: 0.39 MB/s | Errors: 0
[Stats] Messages: 52499 | Rate: 100.01 msg/s | Throughput: 0.39 MB/s | Errors: 0
[Stats] Messages: 52999 | Rate: 99.99 msg/s | Throughput: 0.39 MB/s | Errors: 0
[Stats] Messages: 53499 | Rate: 100.00 msg/s | Throughput: 0.39 MB/s | Errors: 0
[Stats] Messages: 53999 | Rate: 100.00 msg/s | Throughput: 0.39 MB/s | Errors: 0
[Stats] Messages: 54499 | Rate: 99.99 msg/s | Throughput: 0.39 MB/s | Errors: 0
[Stats] Messages: 54999 | Rate: 100.01 msg/s | Throughput: 0.39 MB/s | Errors: 0
[Stats] Messages: 55499 | Rate: 100.00 msg/s | Throughput: 0.39 MB/s | Errors: 0
[Stats] Messages: 55999 | Rate: 100.01 msg/s | Throughput: 0.39 MB/s | Errors: 0
[Stats] Messages: 56499 | Rate: 99.98 msg/s | Throughput: 0.39 MB/s | Errors: 0
[Stats] Messages: 56999 | Rate: 100.02 msg/s | Throughput: 0.39 MB/s | Errors: 0
[Stats] Messages: 57499 | Rate: 100.00 msg/s | Throughput: 0.39 MB/s | Errors: 0
[Stats] Messages: 57999 | Rate: 99.98 msg/s | Throughput: 0.39 MB/s | Errors: 0
[Stats] Messages: 58499 | Rate: 100.00 msg/s | Throughput: 0.39 MB/s | Errors: 0
[Stats] Messages: 58999 | Rate: 100.00 msg/s | Throughput: 0.39 MB/s | Errors: 0
[Stats] Messages: 59499 | Rate: 100.00 msg/s | Throughput: 0.39 MB/s | Errors: 0
[Stats] Messages: 59999 | Rate: 100.00 msg/s | Throughput: 0.39 MB/s | Errors: 0
