Producer starting...
Target address: consumer-service-diff:8080
Send interval: 10ms
Connected to consumer-service-diff:8080
[Stats] Messages: 499 | Rate: 99.80 msg/s | Throughput: 0.39 MB/s | Errors: 0
[Stats] Messages: 999 | Rate: 100.00 msg/s | Throughput: 0.39 MB/s | Errors: 0
[Stats] Messages: 1500 | Rate: 100.18 msg/s | Throughput: 0.39 MB/s | Errors: 0
[Stats] Messages: 2000 | Rate: 100.01 msg/s | Throughput: 0.39 MB/s | Errors: 0
[Stats] Messages: 2500 | Rate: 99.99 msg/s | Throughput: 0.39 MB/s | Errors: 0
[Stats] Messages: 2999 | Rate: 99.81 msg/s | Throughput: 0.39 MB/s | Errors: 0
[Stats] Messages: 3500 | Rate: 100.19 msg/s | Throughput: 0.39 MB/s | Errors: 0
[Stats] Messages: 3999 | Rate: 99.82 msg/s | Throughput: 0.39 MB/s | Errors: 0
[Stats] Messages: 4500 | Rate: 100.18 msg/s | Throughput: 0.39 MB/s | Errors: 0
[Stats] Messages: 4999 | Rate: 99.82 msg/s | Throughput: 0.39 MB/s | Errors: 0
[Stats] Messages: 5499 | Rate: 100.00 msg/s | Throughput: 0.39 MB/s | Errors: 0
[Stats] Messages: 5999 | Rate: 100.00 msg/s | Throughput: 0.39 MB/s | Errors: 0
[Stats] Messages: 6500 | Rate: 100.18 msg/s | Throughput: 0.39 MB/s | Errors: 0
[Stats] Messages: 6999 | Rate: 99.82 msg/s | Throughput: 0.39 MB/s | Errors: 0
[Stats] Messages: 7500 | Rate: 100.19 msg/s | Throughput: 0.39 MB/s | Errors: 0
[Stats] Messages: 7999 | Rate: 99.81 msg/s | Throughput: 0.39 MB/s | Errors: 0
[Stats] Messages: 8500 | Rate: 100.18 msg/s | Throughput: 0.39 MB/s | Errors: 0
[Stats] Messages: 9000 | Rate: 100.00 msg/s | Throughput: 0.39 MB/s | Errors: 0
[Stats] Messages: 9500 | Rate: 100.00 msg/s | Throughput: 0.39 MB/s | Errors: 0
[Stats] Messages: 9999 | Rate: 99.81 msg/s | Throughput: 0.39 MB/s | Errors: 0
[Stats] Messages: 10500 | Rate: 100.19 msg/s | Throughput: 0.39 MB/s | Errors: 0
[Stats] Messages: 10999 | Rate: 99.81 msg/s | Throughput: 0.39 MB/s | Errors: 0
[Stats] Messages: 11500 | Rate: 100.19 msg/s | Throughput: 0.39 MB/s | Errors: 0
[Stats] Messages: 12000 | Rate: 100.00 msg/s | Throughput: 0.39 MB/s | Errors: 0
[Stats] Messages: 12500 | Rate: 100.00 msg/s | Throughput: 0.39 MB/s | Errors: 0
[Stats] Messages: 12999 | Rate: 99.82 msg/s | Throughput: 0.39 MB/s | Errors: 0
[Stats] Messages: 13499 | Rate: 100.00 msg/s | Throughput: 0.39 MB/s | Errors: 0
[Stats] Messages: 14000 | Rate: 100.18 msg/s | Throughput: 0.39 MB/s | Errors: 0
[Stats] Messages: 14500 | Rate: 100.00 msg/s | Throughput: 0.39 MB/s | Errors: 0
[Stats] Messages: 14999 | Rate: 99.81 msg/s | Throughput: 0.39 MB/s | Errors: 0
[Stats] Messages: 15499 | Rate: 100.00 msg/s | Throughput: 0.39 MB/s | Errors: 0
[Stats] Messages: 15999 | Rate: 100.00 msg/s | Throughput: 0.39 MB/s | Errors: 0
[Stats] Messages: 16499 | Rate: 100.00 msg/s | Throughput: 0.39 MB/s | Errors: 0
[Stats] Messages: 16999 | Rate: 100.00 msg/s | Throughput: 0.39 MB/s | Errors: 0
[Stats] Messages: 17500 | Rate: 100.19 msg/s | Throughput: 0.39 MB/s | Errors: 0
[Stats] Messages: 17999 | Rate: 99.81 msg/s | Throughput: 0.39 MB/s | Errors: 0
[Stats] Messages: 18500 | Rate: 100.19 msg/s | Throughput: 0.39 MB/s | Errors: 0
[Stats] Messages: 19000 | Rate: 100.00 msg/s | Throughput: 0.39 MB/s | Errors: 0
[Stats] Messages: 19500 | Rate: 100.00 msg/s | Throughput: 0.39 MB/s | Errors: 0
[Stats] Messages: 20000 | Rate: 99.99 msg/s | Throughput: 0.39 MB/s | Errors: 0
[Stats] Messages: 20500 | Rate: 100.00 msg/s | Throughput: 0.39 MB/s | Errors: 0
[Stats] Messages: 20999 | Rate: 99.81 msg/s | Throughput: 0.39 MB/s | Errors: 0
[Stats] Messages: 21500 | Rate: 100.19 msg/s | Throughput: 0.39 MB/s | Errors: 0
[Stats] Messages: 22000 | Rate: 99.99 msg/s | Throughput: 0.39 MB/s | Errors: 0
[Stats] Messages: 22500 | Rate: 100.00 msg/s | Throughput: 0.39 MB/s | Errors: 0
[Stats] Messages: 23000 | Rate: 100.00 msg/s | Throughput: 0.39 MB/s | Errors: 0
[Stats] Messages: 23500 | Rate: 100.00 msg/s | Throughput: 0.39 MB/s | Errors: 0
[Stats] Messages: 24000 | Rate: 100.00 msg/s | Throughput: 0.39 MB/s | Errors: 0
[Stats] Messages: 24499 | Rate: 99.81 msg/s | Throughput: 0.39 MB/s | Errors: 0
[Stats] Messages: 25000 | Rate: 100.19 msg/s | Throughput: 0.39 MB/s | Errors: 0
[Stats] Messages: 25499 | Rate: 99.81 msg/s | Throughput: 0.39 MB/s | Errors: 0
[Stats] Messages: 25999 | Rate: 100.00 msg/s | Throughput: 0.39 MB/s | Errors: 0
[Stats] Messages: 26499 | Rate: 100.00 msg/s | Throughput: 0.39 MB/s | Errors: 0
[Stats] Messages: 27000 | Rate: 100.19 msg/s | Throughput: 0.39 MB/s | Errors: 0
[Stats] Messages: 27500 | Rate: 99.99 msg/s | Throughput: 0.39 MB/s | Errors: 0
[Stats] Messages: 27999 | Rate: 99.82 msg/s | Throughput: 0.39 MB/s | Errors: 0
[Stats] Messages: 28499 | Rate: 100.00 msg/s | Throughput: 0.39 MB/s | Errors: 0
[Stats] Messages: 28999 | Rate: 100.00 msg/s | Throughput: 0.39 MB/s | Errors: 0
[Stats] Messages: 29499 | Rate: 100.00 msg/s | Throughput: 0.39 MB/s | Errors: 0
[Stats] Messages: 29999 | Rate: 100.00 msg/s | Throughput: 0.39 MB/s | Errors: 0
[Stats] Messages: 30500 | Rate: 100.18 msg/s | Throughput: 0.39 MB/s | Errors: 0
[Stats] Messages: 30999 | Rate: 99.81 msg/s | Throughput: 0.39 MB/s | Errors: 0
[Stats] Messages: 31499 | Rate: 100.00 msg/s | Throughput: 0.39 MB/s | Errors: 0
[Stats] Messages: 31999 | Rate: 100.00 msg/s | Throughput: 0.39 MB/s | Errors: 0
[Stats] Messages: 32500 | Rate: 100.19 msg/s | Throughput: 0.39 MB/s | Errors: 0
[Stats] Messages: 32999 | Rate: 99.81 msg/s | Throughput: 0.39 MB/s | Errors: 0
[Stats] Messages: 33500 | Rate: 100.19 msg/s | Throughput: 0.39 MB/s | Errors: 0
[Stats] Messages: 33999 | Rate: 99.81 msg/s | Throughput: 0.39 MB/s | Errors: 0
[Stats] Messages: 34500 | Rate: 100.19 msg/s | Throughput: 0.39 MB/s | Errors: 0
[Stats] Messages: 35000 | Rate: 100.00 msg/s | Throughput: 0.39 MB/s | Errors: 0
[Stats] Messages: 35500 | Rate: 100.00 msg/s | Throughput: 0.39 MB/s | Errors: 0
[Stats] Messages: 36000 | Rate: 100.01 msg/s | Throughput: 0.39 MB/s | Errors: 0
[Stats] Messages: 36499 | Rate: 99.81 msg/s | Throughput: 0.39 MB/s | Errors: 0
[Stats] Messages: 36999 | Rate: 100.00 msg/s | Throughput: 0.39 MB/s | Errors: 0
[Stats] Messages: 37499 | Rate: 100.00 msg/s | Throughput: 0.39 MB/s | Errors: 0
[Stats] Messages: 37999 | Rate: 100.00 msg/s | Throughput: 0.39 MB/s | Errors: 0
[Stats] Messages: 38500 | Rate: 100.18 msg/s | Throughput: 0.39 MB/s | Errors: 0
[Stats] Messages: 38999 | Rate: 99.82 msg/s | Throughput: 0.39 MB/s | Errors: 0
[Stats] Messages: 39500 | Rate: 100.19 msg/s | Throughput: 0.39 MB/s | Errors: 0
[Stats] Messages: 40000 | Rate: 100.00 msg/s | Throughput: 0.39 MB/s | Errors: 0
[Stats] Messages: 40500 | Rate: 100.00 msg/s | Throughput: 0.39 MB/s | Errors: 0
[Stats] Messages: 41000 | Rate: 100.00 msg/s | Throughput: 0.39 MB/s | Errors: 0
[Stats] Messages: 41499 | Rate: 99.81 msg/s | Throughput: 0.39 MB/s | Errors: 0
[Stats] Messages: 42000 | Rate: 100.20 msg/s | Throughput: 0.39 MB/s | Errors: 0
[Stats] Messages: 42500 | Rate: 99.99 msg/s | Throughput: 0.39 MB/s | Errors: 0
[Stats] Messages: 42999 | Rate: 99.82 msg/s | Throughput: 0.39 MB/s | Errors: 0
[Stats] Messages: 43499 | Rate: 100.00 msg/s | Throughput: 0.39 MB/s | Errors: 0
[Stats] Messages: 43999 | Rate: 100.00 msg/s | Throughput: 0.39 MB/s | Errors: 0
[Stats] Messages: 44500 | Rate: 100.18 msg/s | Throughput: 0.39 MB/s | Errors: 0
[Stats] Messages: 44999 | Rate: 99.81 msg/s | Throughput: 0.39 MB/s | Errors: 0
[Stats] Messages: 45499 | Rate: 100.00 msg/s | Throughput: 0.39 MB/s | Errors: 0
[Stats] Messages: 45999 | Rate: 99.99 msg/s | Throughput: 0.39 MB/s | Errors: 0
[Stats] Messages: 46500 | Rate: 100.19 msg/s | Throughput: 0.39 MB/s | Errors: 0
[Stats] Messages: 46999 | Rate: 99.81 msg/s | Throughput: 0.39 MB/s | Errors: 0
[Stats] Messages: 47499 | Rate: 100.00 msg/s | Throughput: 0.39 MB/s | Errors: 0
[Stats] Messages: 47999 | Rate: 100.00 msg/s | Throughput: 0.39 MB/s | Errors: 0
[Stats] Messages: 48500 | Rate: 100.18 msg/s | Throughput: 0.39 MB/s | Errors: 0
[Stats] Messages: 49000 | Rate: 100.00 msg/s | Throughput: 0.39 MB/s | Errors: 0
[Stats] Messages: 49500 | Rate: 99.99 msg/s | Throughput: 0.39 MB/s | Errors: 0
[Stats] Messages: 49999 | Rate: 99.82 msg/s | Throughput: 0.39 MB/s | Errors: 0
[Stats] Messages: 50499 | Rate: 100.00 msg/s | Throughput: 0.39 MB/s | Errors: 0
[Stats] Messages: 51000 | Rate: 100.19 msg/s | Throughput: 0.39 MB/s | Errors: 0
[Stats] Messages: 51499 | Rate: 99.81 msg/s | Throughput: 0.39 MB/s | Errors: 0
[Stats] Messages: 52000 | Rate: 100.19 msg/s | Throughput: 0.39 MB/s | Errors: 0
[Stats] Messages: 52499 | Rate: 99.82 msg/s | Throughput: 0.39 MB/s | Errors: 0
[Stats] Messages: 53000 | Rate: 100.19 msg/s | Throughput: 0.39 MB/s | Errors: 0
[Stats] Messages: 53500 | Rate: 99.99 msg/s | Throughput: 0.39 MB/s | Errors: 0
[Stats] Messages: 53999 | Rate: 99.81 msg/s | Throughput: 0.39 MB/s | Errors: 0
[Stats] Messages: 54500 | Rate: 100.19 msg/s | Throughput: 0.39 MB/s | Errors: 0
[Stats] Messages: 54999 | Rate: 99.81 msg/s | Throughput: 0.39 MB/s | Errors: 0
[Stats] Messages: 55499 | Rate: 100.00 msg/s | Throughput: 0.39 MB/s | Errors: 0
[Stats] Messages: 55999 | Rate: 100.00 msg/s | Throughput: 0.39 MB/s | Errors: 0
[Stats] Messages: 56499 | Rate: 100.00 msg/s | Throughput: 0.39 MB/s | Errors: 0
[Stats] Messages: 57000 | Rate: 100.18 msg/s | Throughput: 0.39 MB/s | Errors: 0
[Stats] Messages: 57499 | Rate: 99.82 msg/s | Throughput: 0.39 MB/s | Errors: 0
[Stats] Messages: 58000 | Rate: 100.19 msg/s | Throughput: 0.39 MB/s | Errors: 0
[Stats] Messages: 58500 | Rate: 100.00 msg/s | Throughput: 0.39 MB/s | Errors: 0
[Stats] Messages: 58999 | Rate: 99.81 msg/s | Throughput: 0.39 MB/s | Errors: 0
[Stats] Messages: 59499 | Rate: 100.00 msg/s | Throughput: 0.39 MB/s | Errors: 0
[Stats] Messages: 60000 | Rate: 100.19 msg/s | Throughput: 0.39 MB/s | Errors: 0
[Stats] Messages: 60499 | Rate: 99.82 msg/s | Throughput: 0.39 MB/s | Errors: 0
