Producer starting...
Target address: consumer-diff.consumer-diff-headless.default.svc.cluster.local:8080
Send interval: 10ms
Connected to consumer-diff.consumer-diff-headless.default.svc.cluster.local:8080
[Stats] Messages: 499 | Rate: 99.80 msg/s | Throughput: 0.39 MB/s | Errors: 0
[Stats] Messages: 999 | Rate: 99.99 msg/s | Throughput: 0.39 MB/s | Errors: 0
[Stats] Messages: 1499 | Rate: 100.02 msg/s | Throughput: 0.39 MB/s | Errors: 0
[Stats] Messages: 1999 | Rate: 100.00 msg/s | Throughput: 0.39 MB/s | Errors: 0
[Stats] Messages: 2500 | Rate: 100.18 msg/s | Throughput: 0.39 MB/s | Errors: 0
[Stats] Messages: 2999 | Rate: 99.82 msg/s | Throughput: 0.39 MB/s | Errors: 0
[Stats] Messages: 3499 | Rate: 99.99 msg/s | Throughput: 0.39 MB/s | Errors: 0
[Stats] Messages: 3999 | Rate: 100.01 msg/s | Throughput: 0.39 MB/s | Errors: 0
[Stats] Messages: 4500 | Rate: 100.18 msg/s | Throughput: 0.39 MB/s | Errors: 0
[Stats] Messages: 4999 | Rate: 99.81 msg/s | Throughput: 0.39 MB/s | Errors: 0
[Stats] Messages: 5500 | Rate: 100.19 msg/s | Throughput: 0.39 MB/s | Errors: 0
[Stats] Messages: 6000 | Rate: 100.00 msg/s | Throughput: 0.39 MB/s | Errors: 0
[Stats] Messages: 6499 | Rate: 99.81 msg/s | Throughput: 0.39 MB/s | Errors: 0
[Stats] Messages: 7000 | Rate: 100.19 msg/s | Throughput: 0.39 MB/s | Errors: 0
[Stats] Messages: 7499 | Rate: 99.80 msg/s | Throughput: 0.39 MB/s | Errors: 0
[Stats] Messages: 7999 | Rate: 100.00 msg/s | Throughput: 0.39 MB/s | Errors: 0
[Stats] Messages: 8499 | Rate: 100.00 msg/s | Throughput: 0.39 MB/s | Errors: 0
[Stats] Messages: 8999 | Rate: 100.00 msg/s | Throughput: 0.39 MB/s | Errors: 0
[Stats] Messages: 9500 | Rate: 100.19 msg/s | Throughput: 0.39 MB/s | Errors: 0
[Stats] Messages: 9999 | Rate: 99.80 msg/s | Throughput: 0.39 MB/s | Errors: 0
[Stats] Messages: 10499 | Rate: 100.01 msg/s | Throughput: 0.39 MB/s | Errors: 0
[Stats] Messages: 10999 | Rate: 100.00 msg/s | Throughput: 0.39 MB/s | Errors: 0
[Stats] Messages: 11499 | Rate: 99.99 msg/s | Throughput: 0.39 MB/s | Errors: 0
[Stats] Messages: 12000 | Rate: 100.19 msg/s | Throughput: 0.39 MB/s | Errors: 0
[Stats] Messages: 12499 | Rate: 99.81 msg/s | Throughput: 0.39 MB/s | Errors: 0
[Stats] Messages: 12999 | Rate: 100.00 msg/s | Throughput: 0.39 MB/s | Errors: 0
[Stats] Messages: 13499 | Rate: 100.00 msg/s | Throughput: 0.39 MB/s | Errors: 0
[Stats] Messages: 13999 | Rate: 100.00 msg/s | Throughput: 0.39 MB/s | Errors: 0
[Stats] Messages: 14499 | Rate: 100.00 msg/s | Throughput: 0.39 MB/s | Errors: 0
[Stats] Messages: 14999 | Rate: 99.99 msg/s | Throughput: 0.39 MB/s | Errors: 0
[Stats] Messages: 15499 | Rate: 100.01 msg/s | Throughput: 0.39 MB/s | Errors: 0
[Stats] Messages: 15999 | Rate: 100.01 msg/s | Throughput: 0.39 MB/s | Errors: 0
[Stats] Messages: 16499 | Rate: 99.99 msg/s | Throughput: 0.39 MB/s | Errors: 0
[Stats] Messages: 16999 | Rate: 100.01 msg/s | Throughput: 0.39 MB/s | Errors: 0
[Stats] Messages: 17499 | Rate: 100.01 msg/s | Throughput: 0.39 MB/s | Errors: 0
[Stats] Messages: 17999 | Rate: 99.99 msg/s | Throughput: 0.39 MB/s | Errors: 0
[Stats] Messages: 18499 | Rate: 100.01 msg/s | Throughput: 0.39 MB/s | Errors: 0
[Stats] Messages: 18999 | Rate: 99.99 msg/s | Throughput: 0.39 MB/s | Errors: 0
[Stats] Messages: 19499 | Rate: 100.00 msg/s | Throughput: 0.39 MB/s | Errors: 0
[Stats] Messages: 19999 | Rate: 100.00 msg/s | Throughput: 0.39 MB/s | Errors: 0
[Stats] Messages: 20499 | Rate: 100.01 msg/s | Throughput: 0.39 MB/s | Errors: 0
[Stats] Messages: 20999 | Rate: 99.99 msg/s | Throughput: 0.39 MB/s | Errors: 0
[Stats] Messages: 21499 | Rate: 99.99 msg/s | Throughput: 0.39 MB/s | Errors: 0
[Stats] Messages: 21998 | Rate: 99.82 msg/s | Throughput: 0.39 MB/s | Errors: 0
[Stats] Messages: 22498 | Rate: 100.00 msg/s | Throughput: 0.39 MB/s | Errors: 0
[Stats] Messages: 22999 | Rate: 100.18 msg/s | Throughput: 0.39 MB/s | Errors: 0
[Stats] Messages: 23498 | Rate: 99.81 msg/s | Throughput: 0.39 MB/s | Errors: 0
[Stats] Messages: 23998 | Rate: 100.00 msg/s | Throughput: 0.39 MB/s | Errors: 0
[Stats] Messages: 24498 | Rate: 100.01 msg/s | Throughput: 0.39 MB/s | Errors: 0
[Stats] Messages: 24998 | Rate: 99.99 msg/s | Throughput: 0.39 MB/s | Errors: 0
[Stats] Messages: 25498 | Rate: 100.00 msg/s | Throughput: 0.39 MB/s | Errors: 0
[Stats] Messages: 25999 | Rate: 100.19 msg/s | Throughput: 0.39 MB/s | Errors: 0
[Stats] Messages: 26496 | Rate: 99.41 msg/s | Throughput: 0.39 MB/s | Errors: 0
[Stats] Messages: 26997 | Rate: 100.19 msg/s | Throughput: 0.39 MB/s | Errors: 0
[Stats] Messages: 27496 | Rate: 99.82 msg/s | Throughput: 0.39 MB/s | Errors: 0
[Stats] Messages: 27997 | Rate: 100.18 msg/s | Throughput: 0.39 MB/s | Errors: 0
[Stats] Messages: 28496 | Rate: 99.81 msg/s | Throughput: 0.39 MB/s | Errors: 0
[Stats] Messages: 28996 | Rate: 100.00 msg/s | Throughput: 0.39 MB/s | Errors: 0
[Stats] Messages: 29496 | Rate: 100.01 msg/s | Throughput: 0.39 MB/s | Errors: 0
[Stats] Messages: 29996 | Rate: 100.00 msg/s | Throughput: 0.39 MB/s | Errors: 0
[Stats] Messages: 30496 | Rate: 100.01 msg/s | Throughput: 0.39 MB/s | Errors: 0
[Stats] Messages: 30996 | Rate: 99.98 msg/s | Throughput: 0.39 MB/s | Errors: 0
[Stats] Messages: 31495 | Rate: 99.82 msg/s | Throughput: 0.39 MB/s | Errors: 0
[Stats] Messages: 31995 | Rate: 99.99 msg/s | Throughput: 0.39 MB/s | Errors: 0
[Stats] Messages: 32495 | Rate: 100.01 msg/s | Throughput: 0.39 MB/s | Errors: 0
[Stats] Messages: 32995 | Rate: 100.00 msg/s | Throughput: 0.39 MB/s | Errors: 0
[Stats] Messages: 33495 | Rate: 99.99 msg/s | Throughput: 0.39 MB/s | Errors: 0
[Stats] Messages: 33995 | Rate: 100.01 msg/s | Throughput: 0.39 MB/s | Errors: 0
[Stats] Messages: 34495 | Rate: 100.00 msg/s | Throughput: 0.39 MB/s | Errors: 0
[Stats] Messages: 34995 | Rate: 100.00 msg/s | Throughput: 0.39 MB/s | Errors: 0
[Stats] Messages: 35496 | Rate: 100.20 msg/s | Throughput: 0.39 MB/s | Errors: 0
[Stats] Messages: 35996 | Rate: 100.00 msg/s | Throughput: 0.39 MB/s | Errors: 0
[Stats] Messages: 36496 | Rate: 100.00 msg/s | Throughput: 0.39 MB/s | Errors: 0
[Stats] Messages: 36995 | Rate: 99.82 msg/s | Throughput: 0.39 MB/s | Errors: 0
[Stats] Messages: 37495 | Rate: 99.99 msg/s | Throughput: 0.39 MB/s | Errors: 0
[Stats] Messages: 37996 | Rate: 100.19 msg/s | Throughput: 0.39 MB/s | Errors: 0
[Stats] Messages: 38495 | Rate: 99.81 msg/s | Throughput: 0.39 MB/s | Errors: 0
[Stats] Messages: 38995 | Rate: 100.00 msg/s | Throughput: 0.39 MB/s | Errors: 0
[Stats] Messages: 39495 | Rate: 100.00 msg/s | Throughput: 0.39 MB/s | Errors: 0
[Stats] Messages: 39995 | Rate: 100.01 msg/s | Throughput: 0.39 MB/s | Errors: 0
[Stats] Messages: 40496 | Rate: 100.18 msg/s | Throughput: 0.39 MB/s | Errors: 0
[Stats] Messages: 40995 | Rate: 99.82 msg/s | Throughput: 0.39 MB/s | Errors: 0
[Stats] Messages: 41495 | Rate: 100.00 msg/s | Throughput: 0.39 MB/s | Errors: 0
[Stats] Messages: 41995 | Rate: 99.99 msg/s | Throughput: 0.39 MB/s | Errors: 0
[Stats] Messages: 42495 | Rate: 100.00 msg/s | Throughput: 0.39 MB/s | Errors: 0
[Stats] Messages: 42996 | Rate: 100.19 msg/s | Throughput: 0.39 MB/s | Errors: 0
[Stats] Messages: 43495 | Rate: 99.82 msg/s | Throughput: 0.39 MB/s | Errors: 0
[Stats] Messages: 43996 | Rate: 100.18 msg/s | Throughput: 0.39 MB/s | Errors: 0
[Stats] Messages: 44495 | Rate: 99.81 msg/s | Throughput: 0.39 MB/s | Errors: 0
[Stats] Messages: 44995 | Rate: 100.01 msg/s | Throughput: 0.39 MB/s | Errors: 0
[Stats] Messages: 45496 | Rate: 100.19 msg/s | Throughput: 0.39 MB/s | Errors: 0
[Stats] Messages: 45995 | Rate: 99.81 msg/s | Throughput: 0.39 MB/s | Errors: 0
[Stats] Messages: 46495 | Rate: 100.00 msg/s | Throughput: 0.39 MB/s | Errors: 0
[Stats] Messages: 46995 | Rate: 99.99 msg/s | Throughput: 0.39 MB/s | Errors: 0
[Stats] Messages: 47496 | Rate: 100.19 msg/s | Throughput: 0.39 MB/s | Errors: 0
[Stats] Messages: 47995 | Rate: 99.81 msg/s | Throughput: 0.39 MB/s | Errors: 0
[Stats] Messages: 48495 | Rate: 99.99 msg/s | Throughput: 0.39 MB/s | Errors: 0
[Stats] Messages: 48995 | Rate: 100.00 msg/s | Throughput: 0.39 MB/s | Errors: 0
[Stats] Messages: 49495 | Rate: 100.01 msg/s | Throughput: 0.39 MB/s | Errors: 0
[Stats] Messages: 49995 | Rate: 99.99 msg/s | Throughput: 0.39 MB/s | Errors: 0
[Stats] Messages: 50495 | Rate: 100.00 msg/s | Throughput: 0.39 MB/s | Errors: 0
[Stats] Messages: 50995 | Rate: 100.00 msg/s | Throughput: 0.39 MB/s | Errors: 0
[Stats] Messages: 51495 | Rate: 100.01 msg/s | Throughput: 0.39 MB/s | Errors: 0
[Stats] Messages: 51996 | Rate: 100.19 msg/s | Throughput: 0.39 MB/s | Errors: 0
[Stats] Messages: 52495 | Rate: 99.82 msg/s | Throughput: 0.39 MB/s | Errors: 0
[Stats] Messages: 52996 | Rate: 100.18 msg/s | Throughput: 0.39 MB/s | Errors: 0
[Stats] Messages: 53495 | Rate: 99.81 msg/s | Throughput: 0.39 MB/s | Errors: 0
[Stats] Messages: 53995 | Rate: 99.99 msg/s | Throughput: 0.39 MB/s | Errors: 0
[Stats] Messages: 54495 | Rate: 100.00 msg/s | Throughput: 0.39 MB/s | Errors: 0
[Stats] Messages: 54995 | Rate: 100.00 msg/s | Throughput: 0.39 MB/s | Errors: 0
[Stats] Messages: 55495 | Rate: 100.00 msg/s | Throughput: 0.39 MB/s | Errors: 0
[Stats] Messages: 55995 | Rate: 100.01 msg/s | Throughput: 0.39 MB/s | Errors: 0
[Stats] Messages: 56495 | Rate: 100.01 msg/s | Throughput: 0.39 MB/s | Errors: 0
[Stats] Messages: 56995 | Rate: 99.98 msg/s | Throughput: 0.39 MB/s | Errors: 0
[Stats] Messages: 57495 | Rate: 100.00 msg/s | Throughput: 0.39 MB/s | Errors: 0
[Stats] Messages: 57996 | Rate: 100.19 msg/s | Throughput: 0.39 MB/s | Errors: 0
[Stats] Messages: 58495 | Rate: 99.82 msg/s | Throughput: 0.39 MB/s | Errors: 0
[Stats] Messages: 58995 | Rate: 100.01 msg/s | Throughput: 0.39 MB/s | Errors: 0
[Stats] Messages: 59495 | Rate: 99.99 msg/s | Throughput: 0.39 MB/s | Errors: 0
[Stats] Messages: 59995 | Rate: 99.99 msg/s | Throughput: 0.39 MB/s | Errors: 0
[Stats] Messages: 60496 | Rate: 100.20 msg/s | Throughput: 0.39 MB/s | Errors: 0
[Stats] Messages: 60995 | Rate: 99.81 msg/s | Throughput: 0.39 MB/s | Errors: 0
[Stats] Messages: 61495 | Rate: 100.00 msg/s | Throughput: 0.39 MB/s | Errors: 0
[Stats] Messages: 61995 | Rate: 100.00 msg/s | Throughput: 0.39 MB/s | Errors: 0
[Stats] Messages: 62495 | Rate: 100.00 msg/s | Throughput: 0.39 MB/s | Errors: 0
[Stats] Messages: 62995 | Rate: 100.01 msg/s | Throughput: 0.39 MB/s | Errors: 0
[Stats] Messages: 63496 | Rate: 100.18 msg/s | Throughput: 0.39 MB/s | Errors: 0

Shutting down producer...

Final Statistics:
Total messages sent: 63798
Total bytes sent: 261316608
Total errors: 0
