Producer starting...
Target address: consumer-service-diff:8080
Send interval: 10ms
Connection failed (attempt 1/30): dial tcp 10.43.194.106:8080: connect: connection refused
Connected to consumer-service-diff:8080
[Stats] Messages: 500 | Rate: 99.98 msg/s | Throughput: 0.39 MB/s | Errors: 0

=== RTT Statistics (microseconds) ===
Samples: 499
Mean: 1779.72 μs
StdDev: 478.44 μs
Min: 601.00 μs
Max: 2764.00 μs
Percentiles:
  P50 (median): 1587.00 μs
  P90: 2541.00 μs
  P99: 2706.00 μs
  P99.9: 2764.00 μs
=====================================
[Stats] Messages: 999 | Rate: 99.80 msg/s | Throughput: 0.39 MB/s | Errors: 0

=== RTT Statistics (microseconds) ===
Samples: 999
Mean: 1789.17 μs
StdDev: 505.63 μs
Min: 601.00 μs
Max: 4575.00 μs
Percentiles:
  P50 (median): 1548.00 μs
  P90: 2522.00 μs
  P99: 2764.00 μs
  P99.9: 4575.00 μs
=====================================
[Stats] Messages: 1499 | Rate: 100.02 msg/s | Throughput: 0.39 MB/s | Errors: 0

=== RTT Statistics (microseconds) ===
Samples: 1499
Mean: 1813.44 μs
StdDev: 525.77 μs
Min: 601.00 μs
Max: 5885.00 μs
Percentiles:
  P50 (median): 1548.00 μs
  P90: 2518.00 μs
  P99: 2734.00 μs
  P99.9: 5160.00 μs
=====================================
[Stats] Messages: 1999 | Rate: 100.00 msg/s | Throughput: 0.39 MB/s | Errors: 0

=== RTT Statistics (microseconds) ===
Samples: 1999
Mean: 1820.00 μs
StdDev: 540.70 μs
Min: 601.00 μs
Max: 5885.00 μs
Percentiles:
  P50 (median): 1547.00 μs
  P90: 2517.00 μs
  P99: 2825.00 μs
  P99.9: 5637.00 μs
=====================================
[Stats] Messages: 2499 | Rate: 99.99 msg/s | Throughput: 0.39 MB/s | Errors: 0

=== RTT Statistics (microseconds) ===
Samples: 2499
Mean: 1800.44 μs
StdDev: 539.38 μs
Min: 601.00 μs
Max: 6694.00 μs
Percentiles:
  P50 (median): 1536.00 μs
  P90: 2501.00 μs
  P99: 2774.00 μs
  P99.9: 5637.00 μs
=====================================
[Stats] Messages: 2999 | Rate: 100.00 msg/s | Throughput: 0.39 MB/s | Errors: 0

=== RTT Statistics (microseconds) ===
Samples: 2999
Mean: 1773.03 μs
StdDev: 533.21 μs
Min: 601.00 μs
Max: 6694.00 μs
Percentiles:
  P50 (median): 1525.00 μs
  P90: 2497.00 μs
  P99: 2734.00 μs
  P99.9: 5850.00 μs
=====================================
[Stats] Messages: 3499 | Rate: 100.01 msg/s | Throughput: 0.39 MB/s | Errors: 0

=== RTT Statistics (microseconds) ===
Samples: 3499
Mean: 1745.93 μs
StdDev: 526.63 μs
Min: 578.00 μs
Max: 6694.00 μs
Percentiles:
  P50 (median): 1518.00 μs
  P90: 2488.00 μs
  P99: 2706.00 μs
  P99.9: 5637.00 μs
=====================================
[Stats] Messages: 3999 | Rate: 99.99 msg/s | Throughput: 0.39 MB/s | Errors: 0

=== RTT Statistics (microseconds) ===
Samples: 3999
Mean: 1756.09 μs
StdDev: 545.82 μs
Min: 578.00 μs
Max: 10580.00 μs
Percentiles:
  P50 (median): 1521.00 μs
  P90: 2490.00 μs
  P99: 2706.00 μs
  P99.9: 5850.00 μs
=====================================
[Stats] Messages: 4499 | Rate: 100.00 msg/s | Throughput: 0.39 MB/s | Errors: 0

=== RTT Statistics (microseconds) ===
Samples: 4499
Mean: 1746.99 μs
StdDev: 538.79 μs
Min: 578.00 μs
Max: 10580.00 μs
Percentiles:
  P50 (median): 1519.00 μs
  P90: 2488.00 μs
  P99: 2695.00 μs
  P99.9: 5637.00 μs
=====================================
[Stats] Messages: 4999 | Rate: 99.99 msg/s | Throughput: 0.39 MB/s | Errors: 0

=== RTT Statistics (microseconds) ===
Samples: 4999
Mean: 1747.91 μs
StdDev: 540.23 μs
Min: 578.00 μs
Max: 10580.00 μs
Percentiles:
  P50 (median): 1519.00 μs
  P90: 2488.00 μs
  P99: 2694.00 μs
  P99.9: 5885.00 μs
=====================================
[Stats] Messages: 5499 | Rate: 100.01 msg/s | Throughput: 0.39 MB/s | Errors: 0

=== RTT Statistics (microseconds) ===
Samples: 5499
Mean: 1749.15 μs
StdDev: 535.78 μs
Min: 578.00 μs
Max: 10580.00 μs
Percentiles:
  P50 (median): 1520.00 μs
  P90: 2489.00 μs
  P99: 2669.00 μs
  P99.9: 5850.00 μs
=====================================
[Stats] Messages: 5999 | Rate: 99.99 msg/s | Throughput: 0.39 MB/s | Errors: 0

=== RTT Statistics (microseconds) ===
Samples: 5999
Mean: 1754.05 μs
StdDev: 533.50 μs
Min: 578.00 μs
Max: 10580.00 μs
Percentiles:
  P50 (median): 1520.00 μs
  P90: 2490.00 μs
  P99: 2667.00 μs
  P99.9: 5850.00 μs
=====================================
[Stats] Messages: 6499 | Rate: 100.01 msg/s | Throughput: 0.39 MB/s | Errors: 0

=== RTT Statistics (microseconds) ===
Samples: 6499
Mean: 1756.39 μs
StdDev: 538.18 μs
Min: 578.00 μs
Max: 10580.00 μs
Percentiles:
  P50 (median): 1521.00 μs
  P90: 2491.00 μs
  P99: 2655.00 μs
  P99.9: 5850.00 μs
=====================================
[Stats] Messages: 6999 | Rate: 100.01 msg/s | Throughput: 0.39 MB/s | Errors: 0

=== RTT Statistics (microseconds) ===
Samples: 6999
Mean: 1758.75 μs
StdDev: 535.05 μs
Min: 578.00 μs
Max: 10580.00 μs
Percentiles:
  P50 (median): 1522.00 μs
  P90: 2491.00 μs
  P99: 2653.00 μs
  P99.9: 5850.00 μs
=====================================
[Stats] Messages: 7499 | Rate: 99.99 msg/s | Throughput: 0.39 MB/s | Errors: 0

=== RTT Statistics (microseconds) ===
Samples: 7499
Mean: 1762.45 μs
StdDev: 535.99 μs
Min: 578.00 μs
Max: 10580.00 μs
Percentiles:
  P50 (median): 1523.00 μs
  P90: 2490.00 μs
  P99: 2651.00 μs
  P99.9: 5850.00 μs
=====================================
[Stats] Messages: 7999 | Rate: 99.99 msg/s | Throughput: 0.39 MB/s | Errors: 0

=== RTT Statistics (microseconds) ===
Samples: 7999
Mean: 1766.55 μs
StdDev: 535.39 μs
Min: 578.00 μs
Max: 10580.00 μs
Percentiles:
  P50 (median): 1524.00 μs
  P90: 2492.00 μs
  P99: 2650.00 μs
  P99.9: 5850.00 μs
=====================================
[Stats] Messages: 8499 | Rate: 100.01 msg/s | Throughput: 0.39 MB/s | Errors: 0

=== RTT Statistics (microseconds) ===
Samples: 8499
Mean: 1766.09 μs
StdDev: 533.72 μs
Min: 578.00 μs
Max: 10580.00 μs
Percentiles:
  P50 (median): 1524.00 μs
  P90: 2493.00 μs
  P99: 2650.00 μs
  P99.9: 5637.00 μs
=====================================
[Stats] Messages: 8999 | Rate: 100.01 msg/s | Throughput: 0.39 MB/s | Errors: 0

=== RTT Statistics (microseconds) ===
Samples: 8999
Mean: 1767.01 μs
StdDev: 531.83 μs
Min: 578.00 μs
Max: 10580.00 μs
Percentiles:
  P50 (median): 1524.00 μs
  P90: 2493.00 μs
  P99: 2646.00 μs
  P99.9: 5637.00 μs
=====================================
[Stats] Messages: 9499 | Rate: 100.00 msg/s | Throughput: 0.39 MB/s | Errors: 0

=== RTT Statistics (microseconds) ===
Samples: 9499
Mean: 1771.02 μs
StdDev: 543.11 μs
Min: 578.00 μs
Max: 12417.00 μs
Percentiles:
  P50 (median): 1525.00 μs
  P90: 2493.00 μs
  P99: 2653.00 μs
  P99.9: 5637.00 μs
=====================================
[Stats] Messages: 9999 | Rate: 100.00 msg/s | Throughput: 0.39 MB/s | Errors: 0

=== RTT Statistics (microseconds) ===
Samples: 9999
Mean: 1770.64 μs
StdDev: 543.56 μs
Min: 578.00 μs
Max: 12417.00 μs
Percentiles:
  P50 (median): 1524.00 μs
  P90: 2494.00 μs
  P99: 2653.00 μs
  P99.9: 5850.00 μs
=====================================
[Stats] Messages: 10499 | Rate: 99.99 msg/s | Throughput: 0.39 MB/s | Errors: 0

=== RTT Statistics (microseconds) ===
Samples: 10499
Mean: 1772.40 μs
StdDev: 541.17 μs
Min: 578.00 μs
Max: 12417.00 μs
Percentiles:
  P50 (median): 1525.00 μs
  P90: 2494.00 μs
  P99: 2649.00 μs
  P99.9: 5637.00 μs
=====================================
[Stats] Messages: 10999 | Rate: 100.00 msg/s | Throughput: 0.39 MB/s | Errors: 0

=== RTT Statistics (microseconds) ===
Samples: 10999
Mean: 1771.31 μs
StdDev: 545.65 μs
Min: 578.00 μs
Max: 12417.00 μs
Percentiles:
  P50 (median): 1524.00 μs
  P90: 2494.00 μs
  P99: 2649.00 μs
  P99.9: 5885.00 μs
=====================================
[Stats] Messages: 11499 | Rate: 100.01 msg/s | Throughput: 0.39 MB/s | Errors: 0

=== RTT Statistics (microseconds) ===
Samples: 11499
Mean: 1771.78 μs
StdDev: 543.89 μs
Min: 578.00 μs
Max: 12417.00 μs
Percentiles:
  P50 (median): 1524.00 μs
  P90: 2494.00 μs
  P99: 2650.00 μs
  P99.9: 5885.00 μs
=====================================
[Stats] Messages: 11999 | Rate: 99.98 msg/s | Throughput: 0.39 MB/s | Errors: 0

=== RTT Statistics (microseconds) ===
Samples: 11999
Mean: 1771.53 μs
StdDev: 541.83 μs
Min: 552.00 μs
Max: 12417.00 μs
Percentiles:
  P50 (median): 1524.00 μs
  P90: 2495.00 μs
  P99: 2647.00 μs
  P99.9: 5885.00 μs
=====================================
[Stats] Messages: 12499 | Rate: 100.00 msg/s | Throughput: 0.39 MB/s | Errors: 0

=== RTT Statistics (microseconds) ===
Samples: 12499
Mean: 1774.27 μs
StdDev: 542.32 μs
Min: 552.00 μs
Max: 12417.00 μs
Percentiles:
  P50 (median): 1525.00 μs
  P90: 2497.00 μs
  P99: 2653.00 μs
  P99.9: 5943.00 μs
=====================================
[Stats] Messages: 13000 | Rate: 100.20 msg/s | Throughput: 0.39 MB/s | Errors: 0

=== RTT Statistics (microseconds) ===
Samples: 12999
Mean: 1772.72 μs
StdDev: 545.56 μs
Min: 552.00 μs
Max: 12417.00 μs
Percentiles:
  P50 (median): 1525.00 μs
  P90: 2496.00 μs
  P99: 2655.00 μs
  P99.9: 6022.00 μs
=====================================
[Stats] Messages: 13499 | Rate: 99.81 msg/s | Throughput: 0.39 MB/s | Errors: 0

=== RTT Statistics (microseconds) ===
Samples: 13499
Mean: 1773.93 μs
StdDev: 544.19 μs
Min: 552.00 μs
Max: 12417.00 μs
Percentiles:
  P50 (median): 1525.00 μs
  P90: 2495.00 μs
  P99: 2653.00 μs
  P99.9: 5943.00 μs
=====================================
